Using pre-set license
Built from '2020.3/staging' branch; Version is '2020.3.0f1 (c7b5465681fb) revision 13088070'; Using compiler version '192528614'; Build Type 'Release'
OS: 'Windows 10 Pro; OS build 19041.1052; Version 2004; 64bit' Language: 'en' Physical Memory: 16292 MB
BatchMode: 1, IsHumanControllingUs: 0, StartBugReporterOnCrash: 0, Is64bit: 1, IsPro: 0

 COMMAND LINE ARGUMENTS:
C:\Program Files\Unity\Hub\Editor\2020.3.0f1\Editor\Unity.exe
-adb2
-batchMode
-noUpm
-name
AssetImportWorker0
-projectPath
C:/Users/Pentawick/Documents/myCodingProjects/unityStuff/gmtk2021submission/GMTK2021PlanB
-logFile
Logs/AssetImportWorker0.log
-srvPort
52461
Successfully changed project path to: C:/Users/Pentawick/Documents/myCodingProjects/unityStuff/gmtk2021submission/GMTK2021PlanB
C:/Users/Pentawick/Documents/myCodingProjects/unityStuff/gmtk2021submission/GMTK2021PlanB
Using Asset Import Pipeline V2.
Refreshing native plugins compatible for Editor in 36.09 ms, found 1 plugins.
Preloading 0 native plugins for Editor in 0.00 ms.
Initialize engine version: 2020.3.0f1 (c7b5465681fb)
[Subsystems] Discovering subsystems at path C:/Program Files/Unity/Hub/Editor/2020.3.0f1/Editor/Data/Resources/UnitySubsystems
[Subsystems] Discovering subsystems at path C:/Users/Pentawick/Documents/myCodingProjects/unityStuff/gmtk2021submission/GMTK2021PlanB/Assets
GfxDevice: creating device client; threaded=0
Direct3D:
    Version:  Direct3D 11.0 [level 11.1]
    Renderer: NVIDIA GeForce GTX 1050 Ti (ID=0x1c82)
    Vendor:   
    VRAM:     4018 MB
    Driver:   27.21.14.6647
Initialize mono
Mono path[0] = 'C:/Program Files/Unity/Hub/Editor/2020.3.0f1/Editor/Data/Managed'
Mono path[1] = 'C:/Program Files/Unity/Hub/Editor/2020.3.0f1/Editor/Data/MonoBleedingEdge/lib/mono/unityjit'
Mono config path = 'C:/Program Files/Unity/Hub/Editor/2020.3.0f1/Editor/Data/MonoBleedingEdge/etc'
Using monoOptions --debugger-agent=transport=dt_socket,embedding=1,server=y,suspend=n,address=127.0.0.1:56088
Begin MonoManager ReloadAssembly
Registering precompiled unity dll's ...
Register platform support module: C:/Program Files/Unity/Hub/Editor/2020.3.0f1/Editor/Data/PlaybackEngines/WebGLSupport/UnityEditor.WebGL.Extensions.dll
Register platform support module: C:/Program Files/Unity/Hub/Editor/2020.3.0f1/Editor/Data/PlaybackEngines/WindowsStandaloneSupport/UnityEditor.WindowsStandalone.Extensions.dll
Registered in 0.002504 seconds.
Native extension for WindowsStandalone target not found
Native extension for WebGL target not found
Refreshing native plugins compatible for Editor in 35.58 ms, found 1 plugins.
Preloading 0 native plugins for Editor in 0.00 ms.
Invoked RoslynAnalysisRunner static constructor.
RoslynAnalysisRunner will not be running.
RoslynAnalysisRunner has terminated.
Mono: successfully reloaded assembly
- Completed reload, in  1.277 seconds
Platform modules already initialized, skipping
Registering precompiled user dll's ...
Registered in 0.001042 seconds.
Begin MonoManager ReloadAssembly
Native extension for WindowsStandalone target not found
Native extension for WebGL target not found
Refreshing native plugins compatible for Editor in 38.63 ms, found 1 plugins.
Preloading 0 native plugins for Editor in 0.00 ms.
Invoked RoslynAnalysisRunner static constructor.
RoslynAnalysisRunner will not be running.
RoslynAnalysisRunner has terminated.
Mono: successfully reloaded assembly
- Completed reload, in  0.996 seconds
Platform modules already initialized, skipping
========================================================================
Worker process is ready to serve import requests
Launched and connected shader compiler UnityShaderCompiler.exe after 0.05 seconds
Refreshing native plugins compatible for Editor in 0.38 ms, found 1 plugins.
Preloading 0 native plugins for Editor in 0.00 ms.
Unloading 1806 Unused Serialized files (Serialized files now loaded: 0)
System memory in use before: 85.1 MB.
System memory in use after: 85.1 MB.

Unloading 24 unused Assets to reduce memory usage. Loaded Objects now: 2248.
Total: 2.516500 ms (FindLiveObjects: 0.306200 ms CreateObjectMapping: 0.108800 ms MarkObjects: 1.957600 ms  DeleteObjects: 0.133100 ms)

========================================================================
Received Import Request.
  path: Assets
  artifactKey: Guid(00000000000000001000000000000000) Importer(815301076,1909f56bfc062723c751e8b465ee728b)
Start importing Assets using Guid(00000000000000001000000000000000) Importer(815301076,1909f56bfc062723c751e8b465ee728b)  -> (artifact id: '42baae205c97e3337697759514652acd') in 0.009928 seconds
  Import took 0.092266 seconds .

========================================================================
Received Import Request.
  Time since last request: 1.473781 seconds.
  path: Assets/Raw Assets
  artifactKey: Guid(d0e82f41c44e4914280b6494e2297fa2) Importer(815301076,1909f56bfc062723c751e8b465ee728b)
Start importing Assets/Raw Assets using Guid(d0e82f41c44e4914280b6494e2297fa2) Importer(815301076,1909f56bfc062723c751e8b465ee728b)  -> (artifact id: '786cede6f50da8667c13c9175a77af32') in 0.007697 seconds
  Import took 0.034269 seconds .

========================================================================
Received Import Request.
  Time since last request: 37.542134 seconds.
  path: Assets/Raw Assets/baseTile.png
  artifactKey: Guid(d9221397b21efd24bb60f457b7b6b8c7) Importer(815301076,1909f56bfc062723c751e8b465ee728b)
Start importing Assets/Raw Assets/baseTile.png using Guid(d9221397b21efd24bb60f457b7b6b8c7) Importer(815301076,1909f56bfc062723c751e8b465ee728b)  -> (artifact id: 'f54f48728f05763aa0a47153a0c4fcd7') in 0.116735 seconds
  Import took 0.398152 seconds .

========================================================================
Received Import Request.
  Time since last request: 0.000314 seconds.
  path: Assets/Raw Assets/HorizontalTile.png
  artifactKey: Guid(e30ce17d44b3fc044875891410561a7d) Importer(815301076,1909f56bfc062723c751e8b465ee728b)
Start importing Assets/Raw Assets/HorizontalTile.png using Guid(e30ce17d44b3fc044875891410561a7d) Importer(815301076,1909f56bfc062723c751e8b465ee728b)  -> (artifact id: '9686648a5412e0dc66597126408b607f') in 0.125927 seconds
  Import took 0.145525 seconds .

========================================================================
Received Import Request.
  Time since last request: 325.450581 seconds.
  path: Assets/Raw Assets/baseTile.png
  artifactKey: Guid(d9221397b21efd24bb60f457b7b6b8c7) Importer(815301076,1909f56bfc062723c751e8b465ee728b)
Start importing Assets/Raw Assets/baseTile.png using Guid(d9221397b21efd24bb60f457b7b6b8c7) Importer(815301076,1909f56bfc062723c751e8b465ee728b)  -> (artifact id: 'cac469c7ef5a7d3ed6ae5f46f0843d4b') in 0.024671 seconds
  Import took 0.042575 seconds .

========================================================================
Received Import Request.
  Time since last request: 0.000202 seconds.
  path: Assets/Raw Assets/HorizontalTile.png
  artifactKey: Guid(e30ce17d44b3fc044875891410561a7d) Importer(815301076,1909f56bfc062723c751e8b465ee728b)
Start importing Assets/Raw Assets/HorizontalTile.png using Guid(e30ce17d44b3fc044875891410561a7d) Importer(815301076,1909f56bfc062723c751e8b465ee728b)  -> (artifact id: '63466a657c0ebdb93b593efb1fd4e01f') in 0.007197 seconds
  Import took 0.018506 seconds .

========================================================================
Received Import Request.
  Time since last request: 41.479345 seconds.
  path: Assets/Raw Assets/BotLead.png
  artifactKey: Guid(d071c0b4bf948f240948600865ef7f80) Importer(815301076,1909f56bfc062723c751e8b465ee728b)
Start importing Assets/Raw Assets/BotLead.png using Guid(d071c0b4bf948f240948600865ef7f80) Importer(815301076,1909f56bfc062723c751e8b465ee728b)  -> (artifact id: '3d7bf4c6319d6fe17577bf327ae67b26') in 0.020433 seconds
  Import took 0.052009 seconds .

========================================================================
Received Import Request.
  Time since last request: 1365.317199 seconds.
  path: Assets/Raw Assets/wanderer.png
  artifactKey: Guid(7d36f8b4dfe9dab479a7c9c23e356d07) Importer(815301076,1909f56bfc062723c751e8b465ee728b)
Start importing Assets/Raw Assets/wanderer.png using Guid(7d36f8b4dfe9dab479a7c9c23e356d07) Importer(815301076,1909f56bfc062723c751e8b465ee728b)  -> (artifact id: '98cba2990a9a5ac5d8b609e7cdc4d619') in 0.015620 seconds
  Import took 0.031020 seconds .

========================================================================
Received Import Request.
  Time since last request: 1.349830 seconds.
  path: Assets/Raw Assets/console.png
  artifactKey: Guid(e44a76c5bc45e404f9149d22f4f82d96) Importer(815301076,1909f56bfc062723c751e8b465ee728b)
Start importing Assets/Raw Assets/console.png using Guid(e44a76c5bc45e404f9149d22f4f82d96) Importer(815301076,1909f56bfc062723c751e8b465ee728b)  -> (artifact id: 'f7d570b472232a02598f3308c7d705d6') in 0.023816 seconds
  Import took 0.034437 seconds .

========================================================================
Received Import Request.
  Time since last request: 16.777749 seconds.
  path: Assets/Raw Assets/console.png
  artifactKey: Guid(e44a76c5bc45e404f9149d22f4f82d96) Importer(815301076,1909f56bfc062723c751e8b465ee728b)
Start importing Assets/Raw Assets/console.png using Guid(e44a76c5bc45e404f9149d22f4f82d96) Importer(815301076,1909f56bfc062723c751e8b465ee728b)  -> (artifact id: 'fd6a8f61ae1cfa78291c274adf228f90') in 0.011049 seconds
  Import took 0.014112 seconds .

========================================================================
Received Import Request.
  Time since last request: 4.167861 seconds.
  path: Assets/Raw Assets/wanderer.png
  artifactKey: Guid(7d36f8b4dfe9dab479a7c9c23e356d07) Importer(815301076,1909f56bfc062723c751e8b465ee728b)
Start importing Assets/Raw Assets/wanderer.png using Guid(7d36f8b4dfe9dab479a7c9c23e356d07) Importer(815301076,1909f56bfc062723c751e8b465ee728b)  -> (artifact id: 'e632cfb7d86982474ba63df16ddd2619') in 0.007551 seconds
  Import took 0.017851 seconds .

========================================================================
Received Import Request.
  Time since last request: 807.214086 seconds.
  path: Assets/Raw Assets/gitm.png
  artifactKey: Guid(ee042ba4689909f4ab19e31ddf505338) Importer(815301076,1909f56bfc062723c751e8b465ee728b)
Start importing Assets/Raw Assets/gitm.png using Guid(ee042ba4689909f4ab19e31ddf505338) Importer(815301076,1909f56bfc062723c751e8b465ee728b)  -> (artifact id: 'd1da45cabc688a4a1053deccbe15a544') in 0.038163 seconds
  Import took 0.060417 seconds .

========================================================================
Received Import Request.
  Time since last request: 7.267205 seconds.
  path: Assets/Raw Assets/gitm.png
  artifactKey: Guid(ee042ba4689909f4ab19e31ddf505338) Importer(815301076,1909f56bfc062723c751e8b465ee728b)
Start importing Assets/Raw Assets/gitm.png using Guid(ee042ba4689909f4ab19e31ddf505338) Importer(815301076,1909f56bfc062723c751e8b465ee728b)  -> (artifact id: 'e35935ccf928c516e6fbc9cfd03f6eb2') in 0.012807 seconds
  Import took 0.016238 seconds .

========================================================================
Received Prepare
Registering precompiled user dll's ...
Registered in 0.034237 seconds.
Begin MonoManager ReloadAssembly
Native extension for WindowsStandalone target not found
Native extension for WebGL target not found
Refreshing native plugins compatible for Editor in 0.34 ms, found 1 plugins.
Preloading 0 native plugins for Editor in 0.00 ms.
Invoked RoslynAnalysisRunner static constructor.
RoslynAnalysisRunner will not be running.
RoslynAnalysisRunner has terminated.
Mono: successfully reloaded assembly
- Completed reload, in  0.829 seconds
Platform modules already initialized, skipping
Refreshing native plugins compatible for Editor in 0.43 ms, found 1 plugins.
Preloading 0 native plugins for Editor in 0.00 ms.
Unloading 1801 Unused Serialized files (Serialized files now loaded: 0)
System memory in use before: 88.2 MB.
System memory in use after: 88.2 MB.

Unloading 12 unused Assets to reduce memory usage. Loaded Objects now: 2264.
Total: 2.951000 ms (FindLiveObjects: 0.296800 ms CreateObjectMapping: 0.115800 ms MarkObjects: 2.376500 ms  DeleteObjects: 0.160200 ms)

========================================================================
Received Import Request.
  Time since last request: 7607.776447 seconds.
  path: Assets/Raw Assets/arrow.png
  artifactKey: Guid(2c9fe04a16635b440b8ecd2445f19af1) Importer(815301076,1909f56bfc062723c751e8b465ee728b)
Start importing Assets/Raw Assets/arrow.png using Guid(2c9fe04a16635b440b8ecd2445f19af1) Importer(815301076,1909f56bfc062723c751e8b465ee728b)  -> (artifact id: '3bcb0d29b4c0cc119c6d76af9b1d2dab') in 0.062083 seconds
  Import took 0.082090 seconds .

========================================================================
Received Import Request.
  Time since last request: 109.083844 seconds.
  path: Assets/Scripts
  artifactKey: Guid(2e587d604481bfb4d9acc0556be04446) Importer(815301076,1909f56bfc062723c751e8b465ee728b)
Start importing Assets/Scripts using Guid(2e587d604481bfb4d9acc0556be04446) Importer(815301076,1909f56bfc062723c751e8b465ee728b)  -> (artifact id: '3ebd7d38e6d3d688fac9d0aef9e59324') in 0.006387 seconds
  Import took 0.012689 seconds .

========================================================================
Received Import Request.
  Time since last request: 9.249678 seconds.
  path: Assets/Scripts/ConsoleControl.cs
  artifactKey: Guid(129a1350361272946ac7a0c800f6b2f5) Importer(815301076,1909f56bfc062723c751e8b465ee728b)
Start importing Assets/Scripts/ConsoleControl.cs using Guid(129a1350361272946ac7a0c800f6b2f5) Importer(815301076,1909f56bfc062723c751e8b465ee728b)  -> (artifact id: '3458ac60742fc42067707440316245c5') in 0.098796 seconds
  Import took 0.102003 seconds .

========================================================================
Received Import Request.
  Time since last request: 0.030509 seconds.
  path: Assets/Scripts/ConsoleControl.cs
  artifactKey: Guid(129a1350361272946ac7a0c800f6b2f5) Importer(815301076,1909f56bfc062723c751e8b465ee728b)
Start importing Assets/Scripts/ConsoleControl.cs using Guid(129a1350361272946ac7a0c800f6b2f5) Importer(815301076,1909f56bfc062723c751e8b465ee728b)  -> (artifact id: '3458ac60742fc42067707440316245c5') in 0.002255 seconds
  Import took 0.005226 seconds .

========================================================================
Received Prepare
Registering precompiled user dll's ...
Registered in 0.001174 seconds.
Begin MonoManager ReloadAssembly
Native extension for WindowsStandalone target not found
Native extension for WebGL target not found
Refreshing native plugins compatible for Editor in 0.36 ms, found 1 plugins.
Preloading 0 native plugins for Editor in 0.00 ms.
Invoked RoslynAnalysisRunner static constructor.
RoslynAnalysisRunner will not be running.
RoslynAnalysisRunner has terminated.
Mono: successfully reloaded assembly
- Completed reload, in  0.817 seconds
Platform modules already initialized, skipping
Refreshing native plugins compatible for Editor in 0.33 ms, found 1 plugins.
Preloading 0 native plugins for Editor in 0.00 ms.
Unloading 1802 Unused Serialized files (Serialized files now loaded: 0)
System memory in use before: 88.3 MB.
System memory in use after: 88.2 MB.

Unloading 12 unused Assets to reduce memory usage. Loaded Objects now: 2272.
Total: 1.975500 ms (FindLiveObjects: 0.199300 ms CreateObjectMapping: 0.065700 ms MarkObjects: 1.603500 ms  DeleteObjects: 0.105800 ms)

========================================================================
Received Prepare
Registering precompiled user dll's ...
Registered in 0.001110 seconds.
Begin MonoManager ReloadAssembly
Native extension for WindowsStandalone target not found
Native extension for WebGL target not found
Refreshing native plugins compatible for Editor in 0.35 ms, found 1 plugins.
Preloading 0 native plugins for Editor in 0.00 ms.
Invoked RoslynAnalysisRunner static constructor.
RoslynAnalysisRunner will not be running.
RoslynAnalysisRunner has terminated.
Mono: successfully reloaded assembly
- Completed reload, in  0.889 seconds
Platform modules already initialized, skipping
Refreshing native plugins compatible for Editor in 0.40 ms, found 1 plugins.
Preloading 0 native plugins for Editor in 0.00 ms.
Unloading 1802 Unused Serialized files (Serialized files now loaded: 0)
System memory in use before: 88.3 MB.
System memory in use after: 88.3 MB.

Unloading 12 unused Assets to reduce memory usage. Loaded Objects now: 2276.
Total: 1.804500 ms (FindLiveObjects: 0.175900 ms CreateObjectMapping: 0.059200 ms MarkObjects: 1.469100 ms  DeleteObjects: 0.099300 ms)

